2023-12-15 12:31:17,543 Total Number of Users: 1551
2023-12-15 12:31:17,549 #################################################################
2023-12-15 12:31:17,549 Current time: 0.5745681538369891
2023-12-15 12:31:17,549 Current before removal users: 1
2023-12-15 12:31:17,549 Current after removal users: 1
2023-12-15 12:31:17,549 Current after removal of consented users: 1
2023-12-15 12:31:18,012 Users in range: [<user.User object at 0x11bbf7460>]
2023-12-15 12:31:18,012 List of consented: []
2023-12-15 12:31:18,012 Consented: 1
2023-12-15 12:31:18,012 User power consumption: 0.0020989994666666665
2023-12-15 12:31:18,012 Owner power consumption: 0.0008995711999999999
2023-12-15 12:31:18,012 Users left: 1
2023-12-15 12:31:18,012 No more arrivals left?: False
2023-12-15 12:31:18,012 #################################################################
2023-12-15 12:31:18,012 Current time: 1.4822725920834903
2023-12-15 12:31:18,012 Current before removal users: 2
2023-12-15 12:31:18,012 Current after removal users: 2
2023-12-15 12:31:18,012 Current after removal of consented users: 1
2023-12-15 12:31:18,411 Users in range: [<user.User object at 0x11bbf7490>]
2023-12-15 12:31:18,411 List of consented: []
2023-12-15 12:31:18,411 Consented: 0
2023-12-15 12:31:18,411 User power consumption: 0
2023-12-15 12:31:18,411 Owner power consumption: 0
2023-12-15 12:31:18,411 Users left: 1
2023-12-15 12:31:18,411 No more arrivals left?: False
2023-12-15 12:31:18,411 #################################################################
2023-12-15 12:31:18,411 Current time: 1.8062978050941163
2023-12-15 12:31:18,411 Current before removal users: 2
2023-12-15 12:31:18,411 Current after removal users: 2
2023-12-15 12:31:18,411 Current after removal of consented users: 2
2023-12-15 12:31:18,995 Users in range: [<user.User object at 0x11bbf7490>, <user.User object at 0x11bbf73d0>]
2023-12-15 12:31:18,996 List of consented: [<user.User object at 0x11bbf7490>, <user.User object at 0x11bbf73d0>]
2023-12-15 12:31:18,996 Consented: 2
2023-12-15 12:31:18,996 User power consumption: 0.009422664533333331
2023-12-15 12:31:18,996 Owner power consumption: 0.0040382848
2023-12-15 12:31:18,996 Users left: 2
2023-12-15 12:31:18,996 No more arrivals left?: False
2023-12-15 12:31:18,996 #################################################################
2023-12-15 12:31:18,996 Current time: 1.8745141028290613
2023-12-15 12:31:18,996 Current before removal users: 3
2023-12-15 12:31:18,996 Current after removal users: 3
2023-12-15 12:31:18,996 Current after removal of consented users: 2
2023-12-15 12:31:19,580 Users in range: [<user.User object at 0x11bbf73d0>, <user.User object at 0x11bbf73a0>]
2023-12-15 12:31:19,580 List of consented: [<user.User object at 0x11bbf73a0>]
2023-12-15 12:31:19,580 Consented: 1
2023-12-15 12:31:19,580 User power consumption: 0.0020989994666666665
2023-12-15 12:31:19,580 Owner power consumption: 0.0008995711999999999
2023-12-15 12:31:19,580 Users left: 2
2023-12-15 12:31:19,580 No more arrivals left?: False
2023-12-15 12:31:19,580 #################################################################
2023-12-15 12:31:19,580 Current time: 2.3488754195061117
2023-12-15 12:31:19,580 Current before removal users: 3
2023-12-15 12:31:19,580 Current after removal users: 3
2023-12-15 12:31:19,580 Current after removal of consented users: 2
